
Warning-[LNX_OS_VERUN] Unsupported Linux version
  Linux version '' is not supported on 'x86_64' officially, assuming linux 
  compatibility by default. Set VCS_ARCH_OVERRIDE to linux or suse32 to 
  override.
  Please refer to release notes for information on supported platforms.


Warning-[LINX_KRNL] Unsupported Linux kernel
  Linux kernel '3.13.0-100-generic' is not supported.
  Supported versions are 2.4* or 2.6*.

*** Using c compiler gcc instead of cc ...
*** Using loader gcc instead of cc ...
                         Chronologic VCS (TM)
         Version F-2011.12_Full64 -- Mon Feb 27 22:33:04 2017
               Copyright (c) 1991-2011 by Synopsys Inc.
                         ALL RIGHTS RESERVED

This program is proprietary and confidential information of Synopsys Inc.
and may be used and disclosed only as authorized in a license agreement
controlling such use and disclosure.

Parsing design file 'genesis_synth/dff_unq1.v'
Parsing design file 'genesis_synth/dff2_unq1.v'
Parsing design file 'genesis_synth/dff3_unq1.v'
Parsing design file 'genesis_synth/dff2_unq2.v'
Parsing design file 'genesis_synth/dff3_unq2.v'
Parsing design file 'genesis_synth/dff_unq2.v'
Parsing design file 'genesis_synth/dff_unq3.v'
Parsing design file 'genesis_synth/dff2_unq3.v'
Parsing design file 'genesis_synth/dff3_unq3.v'
Parsing design file 'genesis_synth/dff2_unq4.v'
Parsing design file 'genesis_synth/dff3_unq4.v'
Parsing design file 'genesis_synth/dff_unq4.v'
Parsing design file 'genesis_synth/bbox_unq1.v'
Parsing design file 'genesis_synth/dff_unq5.v'
Parsing design file 'genesis_synth/dff_unq6.v'
Parsing design file 'genesis_synth/test_iterator_unq1.v'

Error-[SE] Syntax error
  Following verilog source has syntax error :
  "genesis_synth/test_iterator_unq1.v", 277: token is '='
  	   next_validSamp_R14H =
                                  ^

1 error
CPU time: .171 seconds to compile
